2021-10-04T19:45:06.366+0800	INFO	gorm/gorm.go:26	database content success...
2021-10-04T19:47:16.921+0800	INFO	setting/setting.go:61	setting.Setup, success to parse 'config/app.ini'
2021-10-04T19:47:17.095+0800	INFO	gorm/gorm.go:26	database content success...
2021-10-04T19:48:04.456+0800	INFO	setting/setting.go:61	setting.Setup, success to parse 'config/app.ini'
2021-10-04T19:48:04.618+0800	INFO	gorm/gorm.go:26	database content success...
2021-10-04T19:49:31.964+0800	INFO	setting/setting.go:61	setting.Setup, success to parse 'config/app.ini'
2021-10-04T19:49:32.116+0800	INFO	gorm/gorm.go:27	database content success...
2021-10-04T20:00:29.411+0800	INFO	setting/setting.go:61	setting.Setup, success to parse 'config/app.ini'
2021-10-04T20:00:29.578+0800	INFO	gorm/gorm.go:27	database content success...
2021-10-04T20:01:05.531+0800	INFO	setting/setting.go:61	setting.Setup, success to parse 'config/app.ini'
2021-10-04T20:01:05.680+0800	INFO	gorm/gorm.go:27	database content success...
2021-10-04T20:01:33.752+0800	INFO	setting/setting.go:61	setting.Setup, success to parse 'config/app.ini'
2021-10-04T20:01:33.915+0800	INFO	gorm/gorm.go:27	database content success...
2021-10-04T20:06:34.183+0800	INFO	setting/setting.go:61	setting.Setup, success to parse 'config/app.ini'
2021-10-04T20:06:34.331+0800	INFO	gorm/gorm.go:35	database content success...
2021-10-04T20:11:24.890+0800	INFO	setting/setting.go:61	setting.Setup, success to parse 'config/app.ini'
2021-10-04T20:11:25.046+0800	INFO	gorm/gorm.go:35	database content success...
2021-10-04T20:11:57.304+0800	INFO	setting/setting.go:61	setting.Setup, success to parse 'config/app.ini'
2021-10-04T20:11:57.459+0800	INFO	gorm/gorm.go:35	database content success...
2021-10-04T20:12:16.428+0800	INFO	setting/setting.go:61	setting.Setup, success to parse 'config/app.ini'
2021-10-04T20:12:16.598+0800	INFO	gorm/gorm.go:35	database content success...
2021-10-04T20:13:23.073+0800	INFO	setting/setting.go:61	setting.Setup, success to parse 'config/app.ini'
2021-10-04T20:13:23.231+0800	INFO	gorm/gorm.go:35	database content success...
2021-10-04T20:13:53.371+0800	INFO	setting/setting.go:61	setting.Setup, success to parse 'config/app.ini'
2021-10-04T20:13:53.524+0800	INFO	gorm/gorm.go:35	database content success...
2021-10-04T20:14:16.615+0800	INFO	setting/setting.go:61	setting.Setup, success to parse 'config/app.ini'
2021-10-04T20:14:16.790+0800	INFO	gorm/gorm.go:35	database content success...
2021-10-04T20:14:48.274+0800	INFO	setting/setting.go:61	setting.Setup, success to parse 'config/app.ini'
2021-10-04T20:14:48.440+0800	INFO	gorm/gorm.go:35	database content success...
2021-10-04T20:15:10.662+0800	INFO	setting/setting.go:61	setting.Setup, success to parse 'config/app.ini'
2021-10-04T20:15:10.822+0800	INFO	gorm/gorm.go:35	database content success...
2021-10-04T20:15:25.844+0800	INFO	setting/setting.go:61	setting.Setup, success to parse 'config/app.ini'
2021-10-04T20:15:26.002+0800	INFO	gorm/gorm.go:35	database content success...
2021-10-04T20:18:41.782+0800	INFO	setting/setting.go:61	setting.Setup, success to parse 'config/app.ini'
2021-10-04T20:18:41.937+0800	INFO	gorm/gorm.go:35	database content success...
2021-10-04T20:25:18.177+0800	INFO	setting/setting.go:61	setting.Setup, success to parse 'config/app.ini'
2021-10-04T20:25:18.335+0800	INFO	gorm/gorm.go:35	database content success...
2021-10-04T20:25:18.337+0800	ERROR	gorm/gorm.go:46	automiGrate error...
2021-10-04T21:11:27.157+0800	INFO	setting/setting.go:61	setting.Setup, success to parse 'config/app.ini'
2021-10-04T21:11:27.320+0800	INFO	gorm/gorm.go:35	database content success...
2021-10-04T21:12:06.850+0800	INFO	setting/setting.go:61	setting.Setup, success to parse 'config/app.ini'
2021-10-04T21:12:07.005+0800	INFO	gorm/gorm.go:35	database content success...
2021-10-04T21:16:39.960+0800	INFO	setting/setting.go:61	setting.Setup, success to parse 'config/app.ini'
2021-10-04T21:16:40.120+0800	INFO	gorm/gorm.go:35	database content success...
2021-10-04T21:18:31.364+0800	INFO	setting/setting.go:61	setting.Setup, success to parse 'config/app.ini'
2021-10-04T21:18:31.533+0800	INFO	gorm/gorm.go:35	database content success...
2021-10-04T21:19:08.617+0800	INFO	setting/setting.go:61	setting.Setup, success to parse 'config/app.ini'
2021-10-04T21:19:08.769+0800	INFO	gorm/gorm.go:35	database content success...
2021-10-04T21:21:47.841+0800	INFO	setting/setting.go:61	setting.Setup, success to parse 'config/app.ini'
2021-10-04T21:21:48.013+0800	INFO	gorm/gorm.go:35	database content success...
2021-10-04T21:22:14.115+0800	INFO	setting/setting.go:61	setting.Setup, success to parse 'config/app.ini'
2021-10-04T21:22:14.260+0800	INFO	gorm/gorm.go:35	database content success...
2021-10-04T21:23:18.177+0800	INFO	setting/setting.go:61	setting.Setup, success to parse 'config/app.ini'
2021-10-04T21:23:18.335+0800	INFO	gorm/gorm.go:35	database content success...
2021-10-04T21:23:29.074+0800	INFO	setting/setting.go:61	setting.Setup, success to parse 'config/app.ini'
2021-10-04T21:23:29.239+0800	INFO	gorm/gorm.go:35	database content success...
2021-10-04T21:24:14.423+0800	INFO	setting/setting.go:61	setting.Setup, success to parse 'config/app.ini'
2021-10-04T21:24:14.574+0800	INFO	gorm/gorm.go:35	database content success...
2021-10-04T21:26:00.231+0800	INFO	setting/setting.go:61	setting.Setup, success to parse 'config/app.ini'
2021-10-04T21:26:00.387+0800	INFO	gorm/gorm.go:35	database content success...
2021-10-04T21:26:00.666+0800	ERROR	gorm/gorm.go:47	automiGrate error...
2021-10-04T21:28:17.107+0800	INFO	setting/setting.go:61	setting.Setup, success to parse 'config/app.ini'
2021-10-04T21:28:17.261+0800	INFO	gorm/gorm.go:35	database content success...
2021-10-04T21:28:17.492+0800	ERROR	gorm/gorm.go:47	automiGrate error...
2021-10-04T21:30:35.521+0800	INFO	setting/setting.go:61	setting.Setup, success to parse 'config/app.ini'
2021-10-04T21:30:35.676+0800	INFO	gorm/gorm.go:35	database content success...
2021-10-04T21:30:35.907+0800	ERROR	gorm/gorm.go:47	automiGrate error...
2021-10-04T21:30:44.667+0800	INFO	setting/setting.go:61	setting.Setup, success to parse 'config/app.ini'
2021-10-04T21:30:44.817+0800	INFO	gorm/gorm.go:35	database content success...
2021-10-04T21:31:00.325+0800	INFO	setting/setting.go:61	setting.Setup, success to parse 'config/app.ini'
2021-10-04T21:31:00.479+0800	INFO	gorm/gorm.go:35	database content success...
2021-10-04T21:31:45.563+0800	INFO	setting/setting.go:61	setting.Setup, success to parse 'config/app.ini'
2021-10-04T21:31:45.722+0800	INFO	gorm/gorm.go:35	database content success...
2021-10-04T21:31:51.967+0800	INFO	setting/setting.go:61	setting.Setup, success to parse 'config/app.ini'
2021-10-04T21:31:52.121+0800	INFO	gorm/gorm.go:35	database content success...
2021-10-04T21:31:52.344+0800	ERROR	gorm/gorm.go:47	automiGrate error...
2021-10-04T21:32:05.777+0800	INFO	setting/setting.go:61	setting.Setup, success to parse 'config/app.ini'
2021-10-04T21:32:05.926+0800	INFO	gorm/gorm.go:35	database content success...
2021-10-04T21:32:06.156+0800	ERROR	gorm/gorm.go:47	automiGrate error...
2021-10-04T21:36:45.859+0800	INFO	setting/setting.go:61	setting.Setup, success to parse 'config/app.ini'
2021-10-04T21:36:46.017+0800	INFO	gorm/gorm.go:35	database content success...
2021-10-04T21:36:57.307+0800	INFO	setting/setting.go:61	setting.Setup, success to parse 'config/app.ini'
2021-10-04T21:36:57.473+0800	INFO	gorm/gorm.go:35	database content success...
2021-10-04T21:39:01.426+0800	INFO	setting/setting.go:61	setting.Setup, success to parse 'config/app.ini'
2021-10-04T21:39:01.595+0800	INFO	gorm/gorm.go:35	database content success...
2021-10-04T21:39:33.509+0800	INFO	setting/setting.go:61	setting.Setup, success to parse 'config/app.ini'
2021-10-04T21:39:33.659+0800	INFO	gorm/gorm.go:35	database content success...
2021-10-04T21:41:58.906+0800	INFO	setting/setting.go:61	setting.Setup, success to parse 'config/app.ini'
2021-10-04T21:41:59.058+0800	INFO	gorm/gorm.go:35	database content success...
2021-10-04T21:45:46.584+0800	INFO	setting/setting.go:61	setting.Setup, success to parse 'config/app.ini'
2021-10-04T21:45:46.737+0800	INFO	gorm/gorm.go:35	database content success...
2021-10-04T22:08:45.327+0800	INFO	setting/setting.go:61	setting.Setup, success to parse 'config/app.ini'
2021-10-04T22:08:45.490+0800	INFO	gorm/gorm.go:35	database content success...
2021-10-04T22:11:06.247+0800	INFO	setting/setting.go:61	setting.Setup, success to parse 'config/app.ini'
2021-10-04T22:11:06.415+0800	INFO	gorm/gorm.go:35	database content success...
2021-10-04T22:11:06.417+0800	ERROR	gorm/gorm.go:46	automiGrate error...
2021-10-04T22:11:13.344+0800	INFO	setting/setting.go:61	setting.Setup, success to parse 'config/app.ini'
2021-10-04T22:11:13.496+0800	INFO	gorm/gorm.go:35	database content success...
2021-10-04T22:11:13.498+0800	ERROR	gorm/gorm.go:46	automiGrate error...
2021-10-04T22:12:12.562+0800	INFO	setting/setting.go:61	setting.Setup, success to parse 'config/app.ini'
2021-10-04T22:12:12.714+0800	INFO	gorm/gorm.go:35	database content success...
2021-10-04T22:12:12.716+0800	ERROR	gorm/gorm.go:47	automiGrate error...
2021-10-04T22:12:42.552+0800	INFO	setting/setting.go:61	setting.Setup, success to parse 'config/app.ini'
2021-10-04T22:12:42.706+0800	INFO	gorm/gorm.go:35	database content success...
2021-10-05T01:46:16.186+0800	INFO	setting/setting.go:61	setting.Setup, success to parse 'config/app.ini'
2021-10-05T01:46:16.345+0800	INFO	gorm/gorm.go:35	database content success...
2021-10-05T01:46:27.737+0800	INFO	setting/setting.go:61	setting.Setup, success to parse 'config/app.ini'
2021-10-05T01:46:27.889+0800	INFO	gorm/gorm.go:35	database content success...
2021-10-05T01:47:15.504+0800	INFO	setting/setting.go:61	setting.Setup, success to parse 'config/app.ini'
2021-10-05T01:47:15.654+0800	INFO	gorm/gorm.go:35	database content success...
2021-10-05T01:47:32.617+0800	INFO	setting/setting.go:61	setting.Setup, success to parse 'config/app.ini'
2021-10-05T01:47:32.783+0800	INFO	gorm/gorm.go:35	database content success...
2021-10-05T01:48:40.357+0800	INFO	setting/setting.go:61	setting.Setup, success to parse 'config/app.ini'
2021-10-05T01:48:40.515+0800	INFO	gorm/gorm.go:35	database content success...
2021-10-05T01:49:46.411+0800	INFO	setting/setting.go:61	setting.Setup, success to parse 'config/app.ini'
2021-10-05T01:49:46.566+0800	INFO	gorm/gorm.go:35	database content success...
2021-10-05T01:49:59.829+0800	INFO	setting/setting.go:61	setting.Setup, success to parse 'config/app.ini'
2021-10-05T01:49:59.984+0800	INFO	gorm/gorm.go:35	database content success...
2021-10-05T02:00:35.293+0800	INFO	setting/setting.go:61	setting.Setup, success to parse 'config/app.ini'
2021-10-05T02:00:35.448+0800	INFO	gorm/gorm.go:35	database content success...
2021-10-05T02:00:36.110+0800	ERROR	gorm/gorm.go:46	automiGrate error...
2021-10-05T02:01:08.327+0800	INFO	setting/setting.go:61	setting.Setup, success to parse 'config/app.ini'
2021-10-05T02:01:08.499+0800	INFO	gorm/gorm.go:35	database content success...
2021-10-05T02:01:29.629+0800	INFO	setting/setting.go:61	setting.Setup, success to parse 'config/app.ini'
2021-10-05T02:01:29.787+0800	INFO	gorm/gorm.go:35	database content success...
2021-10-05T02:02:36.217+0800	INFO	setting/setting.go:61	setting.Setup, success to parse 'config/app.ini'
2021-10-05T02:02:36.371+0800	INFO	gorm/gorm.go:35	database content success...
2021-10-05T02:10:54.456+0800	INFO	setting/setting.go:61	setting.Setup, success to parse 'config/app.ini'
2021-10-05T02:10:54.614+0800	INFO	gorm/gorm.go:35	database content success...
2021-10-05T02:16:34.995+0800	INFO	setting/setting.go:61	setting.Setup, success to parse 'config/app.ini'
2021-10-05T02:16:35.156+0800	INFO	gorm/gorm.go:35	database content success...
2021-10-05T02:25:17.918+0800	INFO	setting/setting.go:61	setting.Setup, success to parse 'config/app.ini'
2021-10-05T02:25:18.094+0800	INFO	gorm/gorm.go:35	database content success...
2021-10-05T02:28:23.779+0800	INFO	setting/setting.go:61	setting.Setup, success to parse 'config/app.ini'
2021-10-05T02:28:23.942+0800	INFO	gorm/gorm.go:35	database content success...
2021-10-05T02:05:23.231+0800	INFO	setting/setting.go:61	setting.Setup, success to parse 'config/app.ini'
2021-10-05T02:05:23.397+0800	INFO	gorm/gorm.go:35	database content success...
2021-10-05T02:05:54.521+0800	INFO	setting/setting.go:61	setting.Setup, success to parse 'config/app.ini'
2021-10-05T02:05:54.688+0800	INFO	gorm/gorm.go:35	database content success...
2021-10-05T02:06:28.946+0800	INFO	setting/setting.go:61	setting.Setup, success to parse 'config/app.ini'
2021-10-05T02:06:29.101+0800	INFO	gorm/gorm.go:35	database content success...
2021-10-05T03:20:04.191+0800	INFO	setting/setting.go:61	setting.Setup, success to parse 'config/app.ini'
2021-10-05T03:20:04.804+0800	INFO	gorm/gorm.go:35	database content success...
2021-10-05T03:21:28.888+0800	INFO	setting/setting.go:61	setting.Setup, success to parse 'config/app.ini'
2021-10-05T03:21:29.046+0800	INFO	gorm/gorm.go:35	database content success...
2021-10-05T03:25:46.490+0800	INFO	setting/setting.go:61	setting.Setup, success to parse 'config/app.ini'
2021-10-05T03:25:46.648+0800	INFO	gorm/gorm.go:35	database content success...
2021-10-05T15:33:55.069+0800	INFO	setting/setting.go:61	setting.Setup, success to parse 'config/app.ini'
2021-10-05T15:33:55.222+0800	INFO	gorm/gorm.go:35	database content success...
2021-10-05T15:34:56.152+0800	INFO	setting/setting.go:61	setting.Setup, success to parse 'config/app.ini'
2021-10-05T15:34:56.298+0800	INFO	gorm/gorm.go:35	database content success...
2021-10-05T15:35:33.129+0800	INFO	setting/setting.go:61	setting.Setup, success to parse 'config/app.ini'
2021-10-05T15:35:33.281+0800	INFO	gorm/gorm.go:35	database content success...
2021-10-05T15:36:10.478+0800	INFO	setting/setting.go:61	setting.Setup, success to parse 'config/app.ini'
2021-10-05T15:36:10.647+0800	INFO	gorm/gorm.go:35	database content success...
2021-10-05T15:37:25.178+0800	INFO	setting/setting.go:61	setting.Setup, success to parse 'config/app.ini'
2021-10-05T15:37:25.346+0800	INFO	gorm/gorm.go:35	database content success...
2021-10-05T15:38:31.994+0800	INFO	setting/setting.go:61	setting.Setup, success to parse 'config/app.ini'
2021-10-05T15:38:32.150+0800	INFO	gorm/gorm.go:35	database content success...
2021-10-05T15:43:26.493+0800	INFO	setting/setting.go:61	setting.Setup, success to parse 'config/app.ini'
2021-10-05T15:43:26.654+0800	INFO	gorm/gorm.go:35	database content success...
2021-10-05T15:43:58.140+0800	INFO	setting/setting.go:61	setting.Setup, success to parse 'config/app.ini'
2021-10-05T15:43:58.306+0800	INFO	gorm/gorm.go:35	database content success...
2021-10-05T15:44:38.159+0800	INFO	setting/setting.go:61	setting.Setup, success to parse 'config/app.ini'
2021-10-05T15:44:38.339+0800	INFO	gorm/gorm.go:35	database content success...
2021-10-05T15:45:02.746+0800	INFO	setting/setting.go:61	setting.Setup, success to parse 'config/app.ini'
2021-10-05T15:45:02.899+0800	INFO	gorm/gorm.go:35	database content success...
2021-10-05T15:47:29.177+0800	INFO	setting/setting.go:61	setting.Setup, success to parse 'config/app.ini'
2021-10-05T15:47:29.334+0800	INFO	gorm/gorm.go:35	database content success...
2021-10-05T15:49:07.003+0800	INFO	setting/setting.go:61	setting.Setup, success to parse 'config/app.ini'
2021-10-05T15:49:07.158+0800	INFO	gorm/gorm.go:35	database content success...
2021-10-05T15:49:20.426+0800	INFO	setting/setting.go:61	setting.Setup, success to parse 'config/app.ini'
2021-10-05T15:49:20.582+0800	INFO	gorm/gorm.go:35	database content success...
2021-10-05T15:56:50.573+0800	INFO	setting/setting.go:61	setting.Setup, success to parse 'config/app.ini'
2021-10-05T15:56:50.939+0800	INFO	gorm/gorm.go:35	database content success...
2021-10-05T15:57:59.705+0800	INFO	setting/setting.go:61	setting.Setup, success to parse 'config/app.ini'
2021-10-05T15:57:59.859+0800	DEBUG	redis/redis.go:26	go-redis content succcess...
2021-10-05T15:58:00.012+0800	INFO	gorm/gorm.go:35	database content success...
2021-10-05T15:58:27.788+0800	INFO	setting/setting.go:61	setting.Setup, success to parse 'config/app.ini'
2021-10-05T15:58:27.946+0800	INFO	redis/redis.go:26	go-redis content succcess...
2021-10-05T15:58:28.085+0800	INFO	gorm/gorm.go:35	database content success...
2021-10-05T16:00:44.956+0800	INFO	setting/setting.go:61	setting.Setup, success to parse 'config/app.ini'
2021-10-05T16:00:45.239+0800	INFO	gorm/gorm.go:35	database content success...
2021-10-05T16:01:29.964+0800	INFO	setting/setting.go:61	setting.Setup, success to parse 'config/app.ini'
2021-10-05T16:01:30.255+0800	INFO	gorm/gorm.go:35	database content success...
2021-10-05T16:08:31.745+0800	INFO	setting/setting.go:61	setting.Setup, success to parse 'config/app.ini'
2021-10-05T16:08:32.047+0800	INFO	gorm/gorm.go:35	database content success...
2021-10-05T16:09:02.420+0800	INFO	setting/setting.go:61	setting.Setup, success to parse 'config/app.ini'
2021-10-05T16:09:02.736+0800	INFO	gorm/gorm.go:35	database content success...
2021-10-05T16:10:25.290+0800	INFO	setting/setting.go:61	setting.Setup, success to parse 'config/app.ini'
2021-10-05T16:10:25.590+0800	INFO	gorm/gorm.go:35	database content success...
2021-10-05T16:10:34.875+0800	INFO	setting/setting.go:61	setting.Setup, success to parse 'config/app.ini'
2021-10-05T16:10:35.163+0800	INFO	gorm/gorm.go:35	database content success...
2021-10-05T15:29:43.889+0800	INFO	setting/setting.go:61	setting.Setup, success to parse 'config/app.ini'
2021-10-05T15:29:44.236+0800	INFO	gorm/gorm.go:35	database content success...
2021-10-05T15:46:27.614+0800	INFO	setting/setting.go:61	setting.Setup, success to parse 'config/app.ini'
2021-10-05T15:46:27.903+0800	INFO	gorm/gorm.go:35	database content success...
2021-10-05T16:04:07.559+0800	INFO	setting/setting.go:61	setting.Setup, success to parse 'config/app.ini'
2021-10-05T16:04:07.833+0800	INFO	gorm/gorm.go:35	database content success...
2021-10-05T16:06:24.209+0800	INFO	setting/setting.go:61	setting.Setup, success to parse 'config/app.ini'
2021-10-05T16:06:24.512+0800	INFO	gorm/gorm.go:35	database content success...
2021-10-05T16:23:10.186+0800	INFO	setting/setting.go:61	setting.Setup, success to parse 'config/app.ini'
2021-10-05T16:23:10.479+0800	INFO	gorm/gorm.go:35	database content success...
2021-10-05T15:27:13.266+0800	INFO	setting/setting.go:61	setting.Setup, success to parse 'config/app.ini'
2021-10-05T15:27:13.571+0800	INFO	gorm/gorm.go:35	database content success...
2021-10-05T17:24:52.152+0800	INFO	setting/setting.go:61	setting.Setup, success to parse 'config/app.ini'
2021-10-05T17:24:52.454+0800	INFO	gorm/gorm.go:35	database content success...
2021-10-05T17:33:01.940+0800	INFO	setting/setting.go:61	setting.Setup, success to parse 'config/app.ini'
2021-10-05T17:33:02.228+0800	INFO	gorm/gorm.go:35	database content success...
2021-10-05T20:35:58.659+0800	INFO	setting/setting.go:61	setting.Setup, success to parse 'config/app.ini'
2021-10-05T20:35:59.150+0800	INFO	gorm/gorm.go:35	database content success...
2021-10-05T20:44:01.184+0800	INFO	setting/setting.go:61	setting.Setup, success to parse 'config/app.ini'
2021-10-05T20:44:01.490+0800	INFO	gorm/gorm.go:35	database content success...
2021-10-05T20:46:11.030+0800	INFO	setting/setting.go:61	setting.Setup, success to parse 'config/app.ini'
2021-10-05T20:46:11.334+0800	INFO	gorm/gorm.go:35	database content success...
2021-10-05T20:48:58.063+0800	INFO	setting/setting.go:61	setting.Setup, success to parse 'config/app.ini'
2021-10-05T20:48:58.361+0800	INFO	gorm/gorm.go:35	database content success...
2021-10-05T20:56:37.303+0800	INFO	setting/setting.go:61	setting.Setup, success to parse 'config/app.ini'
2021-10-05T20:56:37.602+0800	INFO	gorm/gorm.go:35	database content success...
2021-10-05T21:00:15.230+0800	INFO	setting/setting.go:61	setting.Setup, success to parse 'config/app.ini'
2021-10-05T21:00:15.536+0800	INFO	gorm/gorm.go:35	database content success...
2021-10-05T21:04:15.581+0800	INFO	setting/setting.go:61	setting.Setup, success to parse 'config/app.ini'
2021-10-05T21:04:15.888+0800	INFO	gorm/gorm.go:35	database content success...
2021-10-05T21:14:31.826+0800	INFO	setting/setting.go:61	setting.Setup, success to parse 'config/app.ini'
2021-10-05T21:14:32.113+0800	INFO	gorm/gorm.go:35	database content success...
2021-10-05T21:15:26.578+0800	INFO	setting/setting.go:61	setting.Setup, success to parse 'config/app.ini'
2021-10-05T21:15:26.873+0800	INFO	gorm/gorm.go:35	database content success...
2021-10-05T21:20:02.588+0800	INFO	setting/setting.go:61	setting.Setup, success to parse 'config/app.ini'
2021-10-05T21:20:02.887+0800	INFO	gorm/gorm.go:35	database content success...
2021-10-05T21:24:42.414+0800	INFO	setting/setting.go:61	setting.Setup, success to parse 'config/app.ini'
2021-10-05T21:24:42.701+0800	INFO	gorm/gorm.go:35	database content success...
2021-10-05T21:25:59.395+0800	INFO	setting/setting.go:61	setting.Setup, success to parse 'config/app.ini'
2021-10-05T21:25:59.684+0800	INFO	gorm/gorm.go:35	database content success...
2021-10-05T21:28:03.440+0800	INFO	setting/setting.go:61	setting.Setup, success to parse 'config/app.ini'
2021-10-05T21:28:03.745+0800	INFO	gorm/gorm.go:35	database content success...
2021-10-05T21:29:50.838+0800	INFO	setting/setting.go:61	setting.Setup, success to parse 'config/app.ini'
2021-10-05T21:29:51.121+0800	INFO	gorm/gorm.go:35	database content success...
2021-10-05T21:30:49.195+0800	INFO	setting/setting.go:61	setting.Setup, success to parse 'config/app.ini'
2021-10-05T21:30:49.491+0800	INFO	gorm/gorm.go:35	database content success...
2021-10-05T21:32:06.097+0800	INFO	setting/setting.go:61	setting.Setup, success to parse 'config/app.ini'
2021-10-05T21:32:06.399+0800	INFO	gorm/gorm.go:35	database content success...
2021-10-05T21:38:00.185+0800	INFO	setting/setting.go:61	setting.Setup, success to parse 'config/app.ini'
2021-10-05T21:38:00.470+0800	INFO	gorm/gorm.go:35	database content success...
2021-10-05T21:39:06.969+0800	INFO	setting/setting.go:61	setting.Setup, success to parse 'config/app.ini'
2021-10-05T21:39:07.248+0800	INFO	gorm/gorm.go:35	database content success...
2021-10-05T21:41:17.132+0800	INFO	setting/setting.go:61	setting.Setup, success to parse 'config/app.ini'
2021-10-05T21:41:17.421+0800	INFO	gorm/gorm.go:35	database content success...
2021-10-05T21:43:21.559+0800	INFO	setting/setting.go:61	setting.Setup, success to parse 'config/app.ini'
2021-10-05T21:43:21.845+0800	INFO	gorm/gorm.go:35	database content success...
2021-10-05T21:46:04.010+0800	INFO	setting/setting.go:61	setting.Setup, success to parse 'config/app.ini'
2021-10-05T21:46:04.306+0800	INFO	gorm/gorm.go:35	database content success...
2021-10-05T21:54:27.221+0800	INFO	setting/setting.go:61	setting.Setup, success to parse 'config/app.ini'
2021-10-05T21:54:27.522+0800	INFO	gorm/gorm.go:35	database content success...
2021-10-05T22:07:50.692+0800	INFO	setting/setting.go:61	setting.Setup, success to parse 'config/app.ini'
2021-10-05T22:07:50.989+0800	INFO	gorm/gorm.go:35	database content success...
2021-10-05T22:17:09.266+0800	INFO	setting/setting.go:61	setting.Setup, success to parse 'config/app.ini'
2021-10-05T22:17:09.564+0800	INFO	gorm/gorm.go:35	database content success...
2021-10-05T22:17:19.009+0800	INFO	setting/setting.go:61	setting.Setup, success to parse 'config/app.ini'
2021-10-05T22:17:19.318+0800	INFO	gorm/gorm.go:35	database content success...
2021-10-05T22:18:24.953+0800	INFO	setting/setting.go:61	setting.Setup, success to parse 'config/app.ini'
2021-10-05T22:18:25.242+0800	INFO	gorm/gorm.go:35	database content success...
2021-10-05T22:24:12.951+0800	INFO	setting/setting.go:61	setting.Setup, success to parse 'config/app.ini'
2021-10-05T22:24:13.227+0800	INFO	gorm/gorm.go:35	database content success...
2021-10-05T22:25:32.705+0800	INFO	setting/setting.go:61	setting.Setup, success to parse 'config/app.ini'
2021-10-05T22:25:32.988+0800	INFO	gorm/gorm.go:35	database content success...
2021-10-05T22:25:45.171+0800	INFO	setting/setting.go:61	setting.Setup, success to parse 'config/app.ini'
2021-10-05T22:25:45.457+0800	INFO	gorm/gorm.go:35	database content success...
2021-10-05T22:26:15.564+0800	INFO	setting/setting.go:61	setting.Setup, success to parse 'config/app.ini'
2021-10-05T22:26:15.853+0800	INFO	gorm/gorm.go:35	database content success...
2021-10-05T22:26:28.519+0800	INFO	setting/setting.go:61	setting.Setup, success to parse 'config/app.ini'
2021-10-05T22:26:28.822+0800	INFO	gorm/gorm.go:35	database content success...
2021-10-05T22:27:26.056+0800	INFO	setting/setting.go:61	setting.Setup, success to parse 'config/app.ini'
2021-10-05T22:27:26.371+0800	INFO	gorm/gorm.go:35	database content success...
2021-10-05T22:27:46.574+0800	INFO	setting/setting.go:61	setting.Setup, success to parse 'config/app.ini'
2021-10-05T22:27:46.886+0800	INFO	gorm/gorm.go:35	database content success...
2021-10-05T22:27:53.384+0800	INFO	setting/setting.go:61	setting.Setup, success to parse 'config/app.ini'
2021-10-05T22:27:53.682+0800	INFO	gorm/gorm.go:35	database content success...
2021-10-05T22:28:40.272+0800	INFO	setting/setting.go:61	setting.Setup, success to parse 'config/app.ini'
2021-10-05T22:28:40.577+0800	INFO	gorm/gorm.go:35	database content success...
2021-10-06T15:48:29.010+0800	INFO	setting/setting.go:61	setting.Setup, success to parse 'config/app.ini'
2021-10-06T15:48:29.372+0800	INFO	gorm/gorm.go:35	database content success...
2021-10-06T16:07:57.745+0800	INFO	setting/setting.go:61	setting.Setup, success to parse 'config/app.ini'
2021-10-06T16:07:58.030+0800	INFO	gorm/gorm.go:35	database content success...
2021-10-06T16:08:06.087+0800	INFO	setting/setting.go:61	setting.Setup, success to parse 'config/app.ini'
2021-10-06T16:08:06.396+0800	INFO	gorm/gorm.go:35	database content success...
2021-10-06T16:08:38.335+0800	INFO	setting/setting.go:61	setting.Setup, success to parse 'config/app.ini'
2021-10-06T16:08:38.637+0800	INFO	gorm/gorm.go:35	database content success...
2021-10-06T16:09:39.758+0800	INFO	setting/setting.go:61	setting.Setup, success to parse 'config/app.ini'
2021-10-06T16:09:40.089+0800	INFO	gorm/gorm.go:35	database content success...
2021-10-06T16:10:11.010+0800	INFO	setting/setting.go:61	setting.Setup, success to parse 'config/app.ini'
2021-10-06T16:10:11.291+0800	INFO	gorm/gorm.go:35	database content success...
2021-10-06T16:22:06.355+0800	INFO	setting/setting.go:61	setting.Setup, success to parse 'config/app.ini'
2021-10-06T16:22:06.668+0800	INFO	gorm/gorm.go:35	database content success...
2021-10-06T22:24:54.235+0800	INFO	setting/setting.go:61	setting.Setup, success to parse 'config/app.ini'
2021-10-06T22:24:54.601+0800	INFO	gorm/gorm.go:35	database content success...
2021-10-06T22:25:04.752+0800	INFO	setting/setting.go:61	setting.Setup, success to parse 'config/app.ini'
2021-10-06T22:25:05.059+0800	INFO	gorm/gorm.go:35	database content success...
2021-10-06T22:28:32.045+0800	INFO	setting/setting.go:61	setting.Setup, success to parse 'config/app.ini'
2021-10-06T22:28:32.346+0800	INFO	gorm/gorm.go:35	database content success...
2021-10-06T22:29:13.632+0800	INFO	setting/setting.go:61	setting.Setup, success to parse 'config/app.ini'
2021-10-06T22:29:13.909+0800	INFO	gorm/gorm.go:35	database content success...
2021-10-06T22:34:24.806+0800	INFO	setting/setting.go:61	setting.Setup, success to parse 'config/app.ini'
2021-10-06T22:34:25.085+0800	INFO	gorm/gorm.go:35	database content success...
2021-10-06T22:34:52.386+0800	INFO	setting/setting.go:61	setting.Setup, success to parse 'config/app.ini'
2021-10-06T22:34:52.678+0800	INFO	gorm/gorm.go:35	database content success...
2021-10-06T22:35:33.354+0800	INFO	setting/setting.go:61	setting.Setup, success to parse 'config/app.ini'
2021-10-06T22:35:33.649+0800	INFO	gorm/gorm.go:35	database content success...
2021-10-06T22:38:26.107+0800	INFO	setting/setting.go:61	setting.Setup, success to parse 'config/app.ini'
2021-10-06T22:38:26.417+0800	INFO	gorm/gorm.go:35	database content success...
2021-10-06T22:40:15.234+0800	INFO	setting/setting.go:61	setting.Setup, success to parse 'config/app.ini'
2021-10-06T22:40:15.538+0800	INFO	gorm/gorm.go:35	database content success...
2021-10-06T22:41:26.670+0800	INFO	setting/setting.go:61	setting.Setup, success to parse 'config/app.ini'
2021-10-06T22:41:26.966+0800	INFO	gorm/gorm.go:35	database content success...
2021-10-06T22:42:15.976+0800	INFO	setting/setting.go:61	setting.Setup, success to parse 'config/app.ini'
2021-10-06T22:42:16.263+0800	INFO	gorm/gorm.go:35	database content success...
2021-10-06T22:44:20.294+0800	INFO	setting/setting.go:61	setting.Setup, success to parse 'config/app.ini'
2021-10-06T22:44:20.579+0800	INFO	gorm/gorm.go:35	database content success...
2021-10-06T22:44:54.707+0800	INFO	setting/setting.go:61	setting.Setup, success to parse 'config/app.ini'
2021-10-06T22:44:55.006+0800	INFO	gorm/gorm.go:35	database content success...
2021-10-06T22:46:22.279+0800	INFO	setting/setting.go:61	setting.Setup, success to parse 'config/app.ini'
2021-10-06T22:46:22.568+0800	INFO	gorm/gorm.go:35	database content success...
2021-10-06T22:46:42.938+0800	INFO	setting/setting.go:61	setting.Setup, success to parse 'config/app.ini'
2021-10-06T22:46:43.264+0800	INFO	gorm/gorm.go:35	database content success...
2021-10-06T22:50:13.056+0800	INFO	setting/setting.go:61	setting.Setup, success to parse 'config/app.ini'
2021-10-06T22:50:13.345+0800	INFO	gorm/gorm.go:35	database content success...
2021-10-06T22:50:49.546+0800	INFO	setting/setting.go:61	setting.Setup, success to parse 'config/app.ini'
2021-10-06T22:50:49.833+0800	INFO	gorm/gorm.go:35	database content success...
2021-10-06T22:51:13.885+0800	INFO	setting/setting.go:61	setting.Setup, success to parse 'config/app.ini'
2021-10-06T22:51:14.191+0800	INFO	gorm/gorm.go:35	database content success...
2021-10-06T22:52:53.747+0800	INFO	setting/setting.go:61	setting.Setup, success to parse 'config/app.ini'
2021-10-06T22:52:54.041+0800	INFO	gorm/gorm.go:35	database content success...
2021-10-06T22:53:16.971+0800	INFO	setting/setting.go:61	setting.Setup, success to parse 'config/app.ini'
2021-10-06T22:53:17.265+0800	INFO	gorm/gorm.go:35	database content success...
2021-10-06T22:54:13.311+0800	INFO	setting/setting.go:61	setting.Setup, success to parse 'config/app.ini'
2021-10-06T22:54:13.590+0800	INFO	gorm/gorm.go:35	database content success...
2021-10-06T22:55:04.402+0800	INFO	setting/setting.go:61	setting.Setup, success to parse 'config/app.ini'
2021-10-06T22:55:04.685+0800	INFO	gorm/gorm.go:35	database content success...
2021-10-06T22:55:38.126+0800	INFO	setting/setting.go:61	setting.Setup, success to parse 'config/app.ini'
2021-10-06T22:55:38.445+0800	INFO	gorm/gorm.go:35	database content success...
2021-10-06T22:56:40.233+0800	INFO	setting/setting.go:61	setting.Setup, success to parse 'config/app.ini'
2021-10-06T22:56:40.531+0800	INFO	gorm/gorm.go:35	database content success...
2021-10-06T22:57:32.647+0800	INFO	setting/setting.go:61	setting.Setup, success to parse 'config/app.ini'
2021-10-06T22:57:32.924+0800	INFO	gorm/gorm.go:35	database content success...
2021-10-06T22:57:51.298+0800	INFO	setting/setting.go:61	setting.Setup, success to parse 'config/app.ini'
2021-10-06T22:57:51.600+0800	INFO	gorm/gorm.go:35	database content success...
2021-10-06T22:59:37.200+0800	INFO	setting/setting.go:61	setting.Setup, success to parse 'config/app.ini'
2021-10-06T22:59:37.479+0800	INFO	gorm/gorm.go:35	database content success...
2021-10-06T23:00:44.460+0800	INFO	setting/setting.go:61	setting.Setup, success to parse 'config/app.ini'
2021-10-06T23:00:44.760+0800	INFO	gorm/gorm.go:35	database content success...
2021-10-06T23:19:05.471+0800	INFO	setting/setting.go:61	setting.Setup, success to parse 'config/app.ini'
2021-10-06T23:19:05.783+0800	INFO	gorm/gorm.go:35	database content success...
2021-10-06T23:19:43.116+0800	INFO	setting/setting.go:61	setting.Setup, success to parse 'config/app.ini'
2021-10-06T23:19:43.421+0800	INFO	gorm/gorm.go:35	database content success...
2021-10-06T23:22:06.667+0800	INFO	setting/setting.go:61	setting.Setup, success to parse 'config/app.ini'
2021-10-06T23:22:06.978+0800	INFO	gorm/gorm.go:35	database content success...
2021-10-06T23:22:33.945+0800	INFO	setting/setting.go:61	setting.Setup, success to parse 'config/app.ini'
2021-10-06T23:22:34.218+0800	INFO	gorm/gorm.go:35	database content success...
2021-10-06T23:22:56.782+0800	INFO	setting/setting.go:61	setting.Setup, success to parse 'config/app.ini'
2021-10-06T23:22:57.068+0800	INFO	gorm/gorm.go:35	database content success...
2021-10-06T23:23:30.690+0800	INFO	setting/setting.go:61	setting.Setup, success to parse 'config/app.ini'
2021-10-06T23:23:30.986+0800	INFO	gorm/gorm.go:35	database content success...
2021-10-06T23:49:18.959+0800	INFO	setting/setting.go:61	setting.Setup, success to parse 'config/app.ini'
2021-10-06T23:49:19.261+0800	INFO	gorm/gorm.go:35	database content success...
2021-10-06T23:51:24.624+0800	INFO	setting/setting.go:61	setting.Setup, success to parse 'config/app.ini'
2021-10-06T23:51:24.922+0800	INFO	gorm/gorm.go:35	database content success...
2021-10-06T23:53:31.148+0800	INFO	setting/setting.go:61	setting.Setup, success to parse 'config/app.ini'
2021-10-06T23:53:31.447+0800	INFO	gorm/gorm.go:35	database content success...
2021-10-07T00:47:57.128+0800	INFO	setting/setting.go:61	setting.Setup, success to parse 'config/app.ini'
2021-10-07T00:47:57.425+0800	INFO	gorm/gorm.go:35	database content success...
2021-10-07T00:49:38.244+0800	INFO	setting/setting.go:61	setting.Setup, success to parse 'config/app.ini'
2021-10-07T00:49:38.515+0800	INFO	gorm/gorm.go:35	database content success...
2021-10-07T00:53:50.561+0800	INFO	setting/setting.go:61	setting.Setup, success to parse 'config/app.ini'
2021-10-07T00:53:50.869+0800	INFO	gorm/gorm.go:35	database content success...
2021-10-07T00:55:32.341+0800	INFO	setting/setting.go:61	setting.Setup, success to parse 'config/app.ini'
2021-10-07T00:55:32.637+0800	INFO	gorm/gorm.go:35	database content success...
2021-10-07T00:56:05.498+0800	INFO	setting/setting.go:61	setting.Setup, success to parse 'config/app.ini'
2021-10-07T00:56:05.782+0800	INFO	gorm/gorm.go:35	database content success...
2021-10-07T00:59:49.589+0800	INFO	setting/setting.go:61	setting.Setup, success to parse 'config/app.ini'
2021-10-07T00:59:49.874+0800	INFO	gorm/gorm.go:35	database content success...
2021-10-07T01:00:05.244+0800	INFO	setting/setting.go:61	setting.Setup, success to parse 'config/app.ini'
2021-10-07T01:00:05.520+0800	INFO	gorm/gorm.go:35	database content success...
2021-10-07T01:00:23.577+0800	INFO	setting/setting.go:61	setting.Setup, success to parse 'config/app.ini'
2021-10-07T01:00:23.865+0800	INFO	gorm/gorm.go:35	database content success...
2021-10-07T01:13:18.499+0800	INFO	setting/setting.go:61	setting.Setup, success to parse 'config/app.ini'
2021-10-07T01:13:18.788+0800	INFO	gorm/gorm.go:35	database content success...
2021-10-07T01:14:18.977+0800	INFO	setting/setting.go:61	setting.Setup, success to parse 'config/app.ini'
2021-10-07T01:14:19.295+0800	INFO	gorm/gorm.go:35	database content success...
2021-10-07T00:47:42.172+0800	INFO	setting/setting.go:61	setting.Setup, success to parse 'config/app.ini'
2021-10-07T00:47:42.491+0800	INFO	gorm/gorm.go:35	database content success...
2021-10-07T02:02:34.932+0800	INFO	setting/setting.go:61	setting.Setup, success to parse 'config/app.ini'
2021-10-07T02:02:35.228+0800	INFO	gorm/gorm.go:35	database content success...
2021-10-07T02:03:41.363+0800	INFO	setting/setting.go:61	setting.Setup, success to parse 'config/app.ini'
2021-10-07T02:03:41.664+0800	INFO	gorm/gorm.go:35	database content success...
2021-10-07T02:04:21.398+0800	INFO	setting/setting.go:61	setting.Setup, success to parse 'config/app.ini'
2021-10-07T02:04:21.692+0800	INFO	gorm/gorm.go:35	database content success...
2021-10-07T02:16:53.257+0800	INFO	setting/setting.go:61	setting.Setup, success to parse 'config/app.ini'
2021-10-07T02:16:53.544+0800	INFO	gorm/gorm.go:35	database content success...
2021-10-07T02:19:04.813+0800	INFO	setting/setting.go:61	setting.Setup, success to parse 'config/app.ini'
2021-10-07T02:19:05.096+0800	INFO	gorm/gorm.go:35	database content success...
2021-10-07T02:21:35.344+0800	INFO	setting/setting.go:61	setting.Setup, success to parse 'config/app.ini'
2021-10-07T02:21:35.671+0800	INFO	gorm/gorm.go:35	database content success...
2021-10-07T02:30:06.696+0800	INFO	setting/setting.go:61	setting.Setup, success to parse 'config/app.ini'
2021-10-07T02:30:07.011+0800	INFO	gorm/gorm.go:35	database content success...
2021-10-07T02:30:47.349+0800	INFO	setting/setting.go:61	setting.Setup, success to parse 'config/app.ini'
2021-10-07T02:30:47.623+0800	INFO	gorm/gorm.go:35	database content success...
2021-10-07T02:35:10.930+0800	INFO	setting/setting.go:61	setting.Setup, success to parse 'config/app.ini'
2021-10-07T02:35:11.228+0800	INFO	gorm/gorm.go:35	database content success...
2021-10-07T02:36:32.430+0800	INFO	setting/setting.go:61	setting.Setup, success to parse 'config/app.ini'
2021-10-07T02:36:32.723+0800	INFO	gorm/gorm.go:35	database content success...
2021-10-07T02:37:43.568+0800	INFO	setting/setting.go:61	setting.Setup, success to parse 'config/app.ini'
2021-10-07T02:37:43.860+0800	INFO	gorm/gorm.go:35	database content success...
2021-10-07T02:38:35.609+0800	INFO	setting/setting.go:61	setting.Setup, success to parse 'config/app.ini'
2021-10-07T02:38:35.903+0800	INFO	gorm/gorm.go:35	database content success...
2021-10-07T02:39:16.317+0800	INFO	setting/setting.go:61	setting.Setup, success to parse 'config/app.ini'
2021-10-07T02:39:16.603+0800	INFO	gorm/gorm.go:35	database content success...
2021-10-07T02:40:21.596+0800	INFO	setting/setting.go:61	setting.Setup, success to parse 'config/app.ini'
2021-10-07T02:40:21.901+0800	INFO	gorm/gorm.go:35	database content success...
2021-10-07T02:40:39.314+0800	INFO	setting/setting.go:61	setting.Setup, success to parse 'config/app.ini'
2021-10-07T02:40:39.597+0800	INFO	gorm/gorm.go:35	database content success...
2021-10-07T03:14:38.215+0800	INFO	setting/setting.go:61	setting.Setup, success to parse 'config/app.ini'
2021-10-07T03:14:38.511+0800	INFO	gorm/gorm.go:35	database content success...
2021-10-07T02:44:30.259+0800	INFO	setting/setting.go:61	setting.Setup, success to parse 'config/app.ini'
2021-10-07T02:44:30.560+0800	INFO	gorm/gorm.go:35	database content success...
2021-10-07T02:48:25.746+0800	INFO	setting/setting.go:61	setting.Setup, success to parse 'config/app.ini'
2021-10-07T02:48:26.040+0800	INFO	gorm/gorm.go:35	database content success...
2021-10-07T02:55:27.766+0800	INFO	setting/setting.go:61	setting.Setup, success to parse 'config/app.ini'
2021-10-07T02:55:28.071+0800	INFO	gorm/gorm.go:35	database content success...
2021-10-07T02:57:59.583+0800	INFO	setting/setting.go:61	setting.Setup, success to parse 'config/app.ini'
2021-10-07T02:57:59.882+0800	INFO	gorm/gorm.go:35	database content success...
2021-10-07T03:11:01.123+0800	INFO	setting/setting.go:61	setting.Setup, success to parse 'config/app.ini'
2021-10-07T03:11:01.419+0800	INFO	gorm/gorm.go:35	database content success...
2021-10-07T16:24:21.602+0800	INFO	setting/setting.go:61	setting.Setup, success to parse 'config/app.ini'
2021-10-07T16:24:21.907+0800	INFO	gorm/gorm.go:35	database content success...
2021-10-07T16:25:04.881+0800	INFO	setting/setting.go:61	setting.Setup, success to parse 'config/app.ini'
2021-10-07T16:25:05.187+0800	INFO	gorm/gorm.go:35	database content success...
2021-10-07T16:29:39.290+0800	INFO	setting/setting.go:61	setting.Setup, success to parse 'config/app.ini'
2021-10-07T16:29:39.581+0800	INFO	gorm/gorm.go:35	database content success...
2021-10-08T09:19:31.863+0800	INFO	setting/setting.go:61	setting.Setup, success to parse 'config/app.ini'
2021-10-08T09:19:35.941+0800	ERROR	gorm/gorm.go:32	database content error..
2021-10-08T09:19:42.085+0800	ERROR	gorm/gorm.go:48	automiGrate error...
2021-10-08T09:20:14.475+0800	INFO	setting/setting.go:61	setting.Setup, success to parse 'config/app.ini'
2021-10-08T09:20:16.711+0800	ERROR	gorm/gorm.go:32	database content error..
2021-10-08T09:20:17.265+0800	ERROR	gorm/gorm.go:48	automiGrate error...
2021-10-08T09:21:00.595+0800	INFO	setting/setting.go:61	setting.Setup, success to parse 'config/app.ini'
2021-10-08T09:21:02.977+0800	INFO	gorm/gorm.go:35	database content success...
2021-10-08T09:22:08.060+0800	INFO	setting/setting.go:61	setting.Setup, success to parse 'config/app.ini'
2021-10-08T09:22:08.531+0800	INFO	gorm/gorm.go:35	database content success...
2021-10-08T09:26:42.889+0800	INFO	setting/setting.go:61	setting.Setup, success to parse 'config/app.ini'
2021-10-08T09:26:43.181+0800	ERROR	gorm/gorm.go:32	database content error..
2021-10-08T09:26:43.535+0800	ERROR	gorm/gorm.go:48	automiGrate error...
2021-10-08T09:26:48.495+0800	INFO	setting/setting.go:61	setting.Setup, success to parse 'config/app.ini'
2021-10-08T09:26:48.772+0800	INFO	gorm/gorm.go:35	database content success...
2021-10-08T09:31:35.252+0800	INFO	setting/setting.go:61	setting.Setup, success to parse 'config/app.ini'
2021-10-08T09:31:35.580+0800	INFO	gorm/gorm.go:35	database content success...
2021-10-08T09:45:16.635+0800	INFO	setting/setting.go:61	setting.Setup, success to parse 'config/app.ini'
2021-10-08T09:45:16.898+0800	INFO	gorm/gorm.go:35	database content success...
2021-10-08T09:46:10.405+0800	INFO	setting/setting.go:61	setting.Setup, success to parse 'config/app.ini'
2021-10-08T09:46:10.685+0800	INFO	gorm/gorm.go:35	database content success...
2021-10-08T10:07:27.523+0800	INFO	setting/setting.go:61	setting.Setup, success to parse 'config/app.ini'
2021-10-08T10:07:27.801+0800	INFO	gorm/gorm.go:35	database content success...
2021-10-08T10:08:14.242+0800	INFO	setting/setting.go:61	setting.Setup, success to parse 'config/app.ini'
2021-10-08T10:08:14.545+0800	INFO	gorm/gorm.go:35	database content success...
2021-10-08T10:09:54.260+0800	INFO	setting/setting.go:61	setting.Setup, success to parse 'config/app.ini'
2021-10-08T10:09:54.561+0800	INFO	gorm/gorm.go:35	database content success...
2021-10-08T10:12:25.388+0800	INFO	setting/setting.go:61	setting.Setup, success to parse 'config/app.ini'
2021-10-08T10:12:25.702+0800	INFO	gorm/gorm.go:35	database content success...
2021-10-08T10:13:09.367+0800	INFO	setting/setting.go:61	setting.Setup, success to parse 'config/app.ini'
2021-10-08T10:13:09.708+0800	INFO	gorm/gorm.go:35	database content success...
